# JRE version: OpenJDK Runtime Environment (17.0.6) (build 17.0.6+0-b2043.56-10027231)
# Java VM: OpenJDK 64-Bit Server VM (17.0.6+0-b2043.56-10027231, mixed mode, tiered, compressed oops, compressed class ptrs, g1 gc, windows-amd64)
GC Precious Log:
 CPUs: 8 total, 8 available
 Memory: 16179M
 Large Page Support: Disabled
 NUMA Support: Disabled
 Compressed Oops: Enabled (32-bit)
 Heap Region Size: 1M
 Heap Min Capacity: 8M
 Heap Initial Capacity: 254M
 Heap Max Capacity: 2G
 Pre-touch: Disabled
 Parallel Workers: 8
 Concurrent Workers: 2
 Concurrent Refinement Workers: 8
 Periodic GC: Disabled
Heap:
 garbage-first heap   total 260096K, used 161792K [0x0000000080000000, 0x0000000100000000)
  region size 1024K, 4 young (4096K), 4 survivors (4096K)
 Metaspace       used 117601K, committed 118464K, reserved 1155072K
  class space    used 16107K, committed 16512K, reserved 1048576K
GC Heap History (20 events):
Event: 8.589 GC heap after
{Heap after GC invocations=34 (full 0):
 garbage-first heap   total 260096K, used 76851K [0x0000000080000000, 0x0000000100000000)
  region size 1024K, 13 young (13312K), 13 survivors (13312K)
 Metaspace       used 88448K, committed 89088K, reserved 1130496K
  class space    used 12054K, committed 12352K, reserved 1048576K
}
Event: 9.623 GC heap before
{Heap before GC invocations=34 (full 0):
 garbage-first heap   total 260096K, used 196659K [0x0000000080000000, 0x0000000100000000)
  region size 1024K, 130 young (133120K), 13 survivors (13312K)
 Metaspace       used 94913K, committed 95616K, reserved 1138688K
  class space    used 12977K, committed 13312K, reserved 1048576K
}
Event: 9.635 GC heap after
{Heap after GC invocations=35 (full 0):
 garbage-first heap   total 260096K, used 90229K [0x0000000080000000, 0x0000000100000000)
  region size 1024K, 17 young (17408K), 17 survivors (17408K)
 Metaspace       used 94913K, committed 95616K, reserved 1138688K
  class space    used 12977K, committed 13312K, reserved 1048576K
}
Event: 10.179 GC heap before
{Heap before GC invocations=35 (full 0):
 garbage-first heap   total 260096K, used 195701K [0x0000000080000000, 0x0000000100000000)
  region size 1024K, 121 young (123904K), 17 survivors (17408K)
 Metaspace       used 96119K, committed 96768K, reserved 1138688K
  class space    used 13137K, committed 13440K, reserved 1048576K
}
Event: 10.194 GC heap after
{Heap after GC invocations=36 (full 0):
 garbage-first heap   total 260096K, used 102520K [0x0000000080000000, 0x0000000100000000)
  region size 1024K, 12 young (12288K), 12 survivors (12288K)
 Metaspace       used 96119K, committed 96768K, reserved 1138688K
  class space    used 13137K, committed 13440K, reserved 1048576K
}
Event: 10.645 GC heap before
{Heap before GC invocations=36 (full 0):
 garbage-first heap   total 260096K, used 200824K [0x0000000080000000, 0x0000000100000000)
  region size 1024K, 109 young (111616K), 12 survivors (12288K)
 Metaspace       used 96909K, committed 97600K, reserved 1138688K
  class space    used 13216K, committed 13504K, reserved 1048576K
}
Event: 10.653 GC heap after
{Heap after GC invocations=37 (full 0):
 garbage-first heap   total 260096K, used 110219K [0x0000000080000000, 0x0000000100000000)
  region size 1024K, 10 young (10240K), 10 survivors (10240K)
 Metaspace       used 96909K, committed 97600K, reserved 1138688K
  class space    used 13216K, committed 13504K, reserved 1048576K
}
Event: 10.966 GC heap before
{Heap before GC invocations=37 (full 0):
 garbage-first heap   total 260096K, used 204427K [0x0000000080000000, 0x0000000100000000)
  region size 1024K, 103 young (105472K), 10 survivors (10240K)
 Metaspace       used 97117K, committed 97856K, reserved 1138688K
  class space    used 13227K, committed 13568K, reserved 1048576K
}
Event: 10.974 GC heap after
{Heap after GC invocations=38 (full 0):
 garbage-first heap   total 260096K, used 116335K [0x0000000080000000, 0x0000000100000000)
  region size 1024K, 8 young (8192K), 8 survivors (8192K)
 Metaspace       used 97117K, committed 97856K, reserved 1138688K
  class space    used 13227K, committed 13568K, reserved 1048576K
}
Event: 358.246 GC heap before
{Heap before GC invocations=38 (full 0):
 garbage-first heap   total 260096K, used 207471K [0x0000000080000000, 0x0000000100000000)
  region size 1024K, 98 young (100352K), 8 survivors (8192K)
 Metaspace       used 98358K, committed 99136K, reserved 1138688K
  class space    used 13379K, committed 13760K, reserved 1048576K
}
Event: 358.376 GC heap after
{Heap after GC invocations=39 (full 0):
 garbage-first heap   total 260096K, used 120531K [0x0000000080000000, 0x0000000100000000)
  region size 1024K, 6 young (6144K), 6 survivors (6144K)
 Metaspace       used 98358K, committed 99136K, reserved 1138688K
  class space    used 13379K, committed 13760K, reserved 1048576K
}
Event: 359.818 GC heap before
{Heap before GC invocations=39 (full 0):
 garbage-first heap   total 260096K, used 209619K [0x0000000080000000, 0x0000000100000000)
  region size 1024K, 94 young (96256K), 6 survivors (6144K)
 Metaspace       used 99085K, committed 99840K, reserved 1138688K
  class space    used 13401K, committed 13760K, reserved 1048576K
}
Event: 359.837 GC heap after
{Heap after GC invocations=40 (full 0):
 garbage-first heap   total 260096K, used 131368K [0x0000000080000000, 0x0000000100000000)
  region size 1024K, 12 young (12288K), 12 survivors (12288K)
 Metaspace       used 99085K, committed 99840K, reserved 1138688K
  class space    used 13401K, committed 13760K, reserved 1048576K
}
Event: 360.480 GC heap before
{Heap before GC invocations=40 (full 0):
 garbage-first heap   total 260096K, used 209192K [0x0000000080000000, 0x0000000100000000)
  region size 1024K, 89 young (91136K), 12 survivors (12288K)
 Metaspace       used 101137K, committed 101888K, reserved 1138688K
  class space    used 13664K, committed 14016K, reserved 1048576K
}
Event: 360.495 GC heap after
{Heap after GC invocations=41 (full 0):
 garbage-first heap   total 260096K, used 136051K [0x0000000080000000, 0x0000000100000000)
  region size 1024K, 5 young (5120K), 5 survivors (5120K)
 Metaspace       used 101137K, committed 101888K, reserved 1138688K
  class space    used 13664K, committed 14016K, reserved 1048576K
}
Event: 366.615 GC heap before
{Heap before GC invocations=41 (full 0):
 garbage-first heap   total 260096K, used 211827K [0x0000000080000000, 0x0000000100000000)
  region size 1024K, 79 young (80896K), 5 survivors (5120K)
 Metaspace       used 105212K, committed 105984K, reserved 1146880K
  class space    used 14163K, committed 14528K, reserved 1048576K
}
Event: 366.626 GC heap after
{Heap after GC invocations=42 (full 0):
 garbage-first heap   total 260096K, used 144882K [0x0000000080000000, 0x0000000100000000)
  region size 1024K, 10 young (10240K), 10 survivors (10240K)
 Metaspace       used 105212K, committed 105984K, reserved 1146880K
  class space    used 14163K, committed 14528K, reserved 1048576K
}
Event: 367.027 GC heap before
{Heap before GC invocations=42 (full 0):
 garbage-first heap   total 260096K, used 211442K [0x0000000080000000, 0x0000000100000000)
  region size 1024K, 76 young (77824K), 10 survivors (10240K)
 Metaspace       used 106771K, committed 107584K, reserved 1146880K
  class space    used 14391K, committed 14784K, reserved 1048576K
}
Event: 367.044 GC heap after
{Heap after GC invocations=43 (full 0):
 garbage-first heap   total 260096K, used 156736K [0x0000000080000000, 0x0000000100000000)
  region size 1024K, 10 young (10240K), 10 survivors (10240K)
 Metaspace       used 106771K, committed 107584K, reserved 1146880K
  class space    used 14391K, committed 14784K, reserved 1048576K
}
Event: 367.630 GC heap before
{Heap before GC invocations=43 (full 0):
 garbage-first heap   total 260096K, used 211008K [0x0000000080000000, 0x0000000100000000)
  region size 1024K, 64 young (65536K), 10 survivors (10240K)
 Metaspace       used 117601K, committed 118464K, reserved 1155072K
  class space    used 16107K, committed 16512K, reserved 1048576K
}

