# JRE version: OpenJDK Runtime Environment (17.0.6) (build 17.0.6+0-b2043.56-10027231)
# Java VM: OpenJDK 64-Bit Server VM (17.0.6+0-b2043.56-10027231, mixed mode, tiered, compressed oops, compressed class ptrs, g1 gc, windows-amd64)
GC Precious Log:
 CPUs: 8 total, 8 available
 Memory: 16179M
 Large Page Support: Disabled
 NUMA Support: Disabled
 Compressed Oops: Enabled (32-bit)
 Heap Region Size: 1M
 Heap Min Capacity: 8M
 Heap Initial Capacity: 254M
 Heap Max Capacity: 2G
 Pre-touch: Disabled
 Parallel Workers: 8
 Concurrent Workers: 2
 Concurrent Refinement Workers: 8
 Periodic GC: Disabled
Heap:
 garbage-first heap   total 260096K, used 109913K [0x0000000080000000, 0x0000000100000000)
  region size 1024K, 7 young (7168K), 7 survivors (7168K)
 Metaspace       used 97050K, committed 97664K, reserved 1138688K
  class space    used 13226K, committed 13504K, reserved 1048576K
GC Heap History (20 events):
Event: 6.257 GC heap after
{Heap after GC invocations=27 (full 0):
 garbage-first heap   total 122880K, used 63745K [0x0000000080000000, 0x0000000100000000)
  region size 1024K, 3 young (3072K), 3 survivors (3072K)
 Metaspace       used 70921K, committed 71488K, reserved 1114112K
  class space    used 9391K, committed 9664K, reserved 1048576K
}
Event: 6.569 GC heap before
{Heap before GC invocations=28 (full 0):
 garbage-first heap   total 122880K, used 99585K [0x0000000080000000, 0x0000000100000000)
  region size 1024K, 38 young (38912K), 3 survivors (3072K)
 Metaspace       used 75445K, committed 76032K, reserved 1122304K
  class space    used 10006K, committed 10304K, reserved 1048576K
}
Event: 6.572 GC heap after
{Heap after GC invocations=29 (full 0):
 garbage-first heap   total 122880K, used 66403K [0x0000000080000000, 0x0000000100000000)
  region size 1024K, 3 young (3072K), 3 survivors (3072K)
 Metaspace       used 75445K, committed 76032K, reserved 1122304K
  class space    used 10006K, committed 10304K, reserved 1048576K
}
Event: 6.597 GC heap before
{Heap before GC invocations=29 (full 0):
 garbage-first heap   total 122880K, used 69475K [0x0000000080000000, 0x0000000100000000)
  region size 1024K, 6 young (6144K), 3 survivors (3072K)
 Metaspace       used 75603K, committed 76224K, reserved 1122304K
  class space    used 10020K, committed 10304K, reserved 1048576K
}
Event: 6.599 GC heap after
{Heap after GC invocations=30 (full 0):
 garbage-first heap   total 122880K, used 67240K [0x0000000080000000, 0x0000000100000000)
  region size 1024K, 1 young (1024K), 1 survivors (1024K)
 Metaspace       used 75603K, committed 76224K, reserved 1122304K
  class space    used 10020K, committed 10304K, reserved 1048576K
}
Event: 6.819 GC heap before
{Heap before GC invocations=30 (full 0):
 garbage-first heap   total 122880K, used 101032K [0x0000000080000000, 0x0000000100000000)
  region size 1024K, 34 young (34816K), 1 survivors (1024K)
 Metaspace       used 77283K, committed 77888K, reserved 1122304K
  class space    used 10256K, committed 10560K, reserved 1048576K
}
Event: 6.822 GC heap after
{Heap after GC invocations=31 (full 0):
 garbage-first heap   total 211968K, used 70160K [0x0000000080000000, 0x0000000100000000)
  region size 1024K, 4 young (4096K), 4 survivors (4096K)
 Metaspace       used 77283K, committed 77888K, reserved 1122304K
  class space    used 10256K, committed 10560K, reserved 1048576K
}
Event: 7.616 GC heap before
{Heap before GC invocations=32 (full 0):
 garbage-first heap   total 211968K, used 146960K [0x0000000080000000, 0x0000000100000000)
  region size 1024K, 78 young (79872K), 4 survivors (4096K)
 Metaspace       used 85556K, committed 86208K, reserved 1130496K
  class space    used 11609K, committed 11904K, reserved 1048576K
}
Event: 7.622 GC heap after
{Heap after GC invocations=33 (full 0):
 garbage-first heap   total 211968K, used 75453K [0x0000000080000000, 0x0000000100000000)
  region size 1024K, 9 young (9216K), 9 survivors (9216K)
 Metaspace       used 85556K, committed 86208K, reserved 1130496K
  class space    used 11609K, committed 11904K, reserved 1048576K
}
Event: 7.635 GC heap before
{Heap before GC invocations=33 (full 0):
 garbage-first heap   total 211968K, used 76477K [0x0000000080000000, 0x0000000100000000)
  region size 1024K, 10 young (10240K), 9 survivors (9216K)
 Metaspace       used 85620K, committed 86272K, reserved 1130496K
  class space    used 11616K, committed 11904K, reserved 1048576K
}
Event: 7.640 GC heap after
{Heap after GC invocations=34 (full 0):
 garbage-first heap   total 211968K, used 75867K [0x0000000080000000, 0x0000000100000000)
  region size 1024K, 2 young (2048K), 2 survivors (2048K)
 Metaspace       used 85620K, committed 86272K, reserved 1130496K
  class space    used 11616K, committed 11904K, reserved 1048576K
}
Event: 8.575 GC heap before
{Heap before GC invocations=34 (full 0):
 garbage-first heap   total 211968K, used 165979K [0x0000000080000000, 0x0000000100000000)
  region size 1024K, 90 young (92160K), 2 survivors (2048K)
 Metaspace       used 93489K, committed 94080K, reserved 1130496K
  class space    used 12725K, committed 12992K, reserved 1048576K
}
Event: 8.581 GC heap after
{Heap after GC invocations=35 (full 0):
 garbage-first heap   total 211968K, used 82747K [0x0000000080000000, 0x0000000100000000)
  region size 1024K, 8 young (8192K), 8 survivors (8192K)
 Metaspace       used 93489K, committed 94080K, reserved 1130496K
  class space    used 12725K, committed 12992K, reserved 1048576K
}
Event: 9.047 GC heap before
{Heap before GC invocations=35 (full 0):
 garbage-first heap   total 211968K, used 167739K [0x0000000080000000, 0x0000000100000000)
  region size 1024K, 91 young (93184K), 8 survivors (8192K)
 Metaspace       used 95638K, committed 96320K, reserved 1138688K
  class space    used 13132K, committed 13440K, reserved 1048576K
}
Event: 9.057 GC heap after
{Heap after GC invocations=36 (full 0):
 garbage-first heap   total 211968K, used 94531K [0x0000000080000000, 0x0000000100000000)
  region size 1024K, 12 young (12288K), 12 survivors (12288K)
 Metaspace       used 95638K, committed 96320K, reserved 1138688K
  class space    used 13132K, committed 13440K, reserved 1048576K
}
Event: 9.394 GC heap before
{Heap before GC invocations=36 (full 0):
 garbage-first heap   total 211968K, used 166211K [0x0000000080000000, 0x0000000100000000)
  region size 1024K, 83 young (84992K), 12 survivors (12288K)
 Metaspace       used 96099K, committed 96768K, reserved 1138688K
  class space    used 13140K, committed 13440K, reserved 1048576K
}
Event: 9.403 GC heap after
{Heap after GC invocations=37 (full 0):
 garbage-first heap   total 211968K, used 100804K [0x0000000080000000, 0x0000000100000000)
  region size 1024K, 7 young (7168K), 7 survivors (7168K)
 Metaspace       used 96099K, committed 96768K, reserved 1138688K
  class space    used 13140K, committed 13440K, reserved 1048576K
}
Event: 9.733 GC heap before
{Heap before GC invocations=37 (full 0):
 garbage-first heap   total 211968K, used 169412K [0x0000000080000000, 0x0000000100000000)
  region size 1024K, 75 young (76800K), 7 survivors (7168K)
 Metaspace       used 96577K, committed 97216K, reserved 1138688K
  class space    used 13188K, committed 13504K, reserved 1048576K
}
Event: 9.738 GC heap after
{Heap after GC invocations=38 (full 0):
 garbage-first heap   total 211968K, used 105743K [0x0000000080000000, 0x0000000100000000)
  region size 1024K, 8 young (8192K), 8 survivors (8192K)
 Metaspace       used 96577K, committed 97216K, reserved 1138688K
  class space    used 13188K, committed 13504K, reserved 1048576K
}
Event: 10.078 GC heap before
{Heap before GC invocations=38 (full 0):
 garbage-first heap   total 211968K, used 169231K [0x0000000080000000, 0x0000000100000000)
  region size 1024K, 71 young (72704K), 8 survivors (8192K)
 Metaspace       used 97050K, committed 97664K, reserved 1138688K
  class space    used 13226K, committed 13504K, reserved 1048576K
}

