# JRE version: OpenJDK Runtime Environment (17.0.6) (build 17.0.6+0-b2043.56-10027231)
# Java VM: OpenJDK 64-Bit Server VM (17.0.6+0-b2043.56-10027231, mixed mode, tiered, compressed oops, compressed class ptrs, g1 gc, windows-amd64)
GC Precious Log:
 CPUs: 8 total, 8 available
 Memory: 16179M
 Large Page Support: Disabled
 NUMA Support: Disabled
 Compressed Oops: Enabled (32-bit)
 Heap Region Size: 1M
 Heap Min Capacity: 8M
 Heap Initial Capacity: 254M
 Heap Max Capacity: 2G
 Pre-touch: Disabled
 Parallel Workers: 8
 Concurrent Workers: 2
 Concurrent Refinement Workers: 8
 Periodic GC: Disabled
Heap:
 garbage-first heap   total 292864K, used 159481K [0x0000000080000000, 0x0000000100000000)
  region size 1024K, 28 young (28672K), 4 survivors (4096K)
 Metaspace       used 116454K, committed 117248K, reserved 1155072K
  class space    used 16242K, committed 16640K, reserved 1048576K
GC Heap History (20 events):
Event: 8.407 GC heap before
{Heap before GC invocations=34 (full 0):
 garbage-first heap   total 243712K, used 179799K [0x0000000080000000, 0x0000000100000000)
  region size 1024K, 107 young (109568K), 1 survivors (1024K)
 Metaspace       used 89327K, committed 89920K, reserved 1130496K
  class space    used 12198K, committed 12480K, reserved 1048576K
}
Event: 8.415 GC heap after
{Heap after GC invocations=35 (full 0):
 garbage-first heap   total 243712K, used 77868K [0x0000000080000000, 0x0000000100000000)
  region size 1024K, 9 young (9216K), 9 survivors (9216K)
 Metaspace       used 89327K, committed 89920K, reserved 1130496K
  class space    used 12198K, committed 12480K, reserved 1048576K
}
Event: 9.175 GC heap before
{Heap before GC invocations=35 (full 0):
 garbage-first heap   total 243712K, used 183340K [0x0000000080000000, 0x0000000100000000)
  region size 1024K, 112 young (114688K), 9 survivors (9216K)
 Metaspace       used 94809K, committed 95424K, reserved 1138688K
  class space    used 12968K, committed 13248K, reserved 1048576K
}
Event: 9.188 GC heap after
{Heap after GC invocations=36 (full 0):
 garbage-first heap   total 243712K, used 90819K [0x0000000080000000, 0x0000000100000000)
  region size 1024K, 13 young (13312K), 13 survivors (13312K)
 Metaspace       used 94809K, committed 95424K, reserved 1138688K
  class space    used 12968K, committed 13248K, reserved 1048576K
}
Event: 9.580 GC heap before
{Heap before GC invocations=36 (full 0):
 garbage-first heap   total 243712K, used 184003K [0x0000000080000000, 0x0000000100000000)
  region size 1024K, 105 young (107520K), 13 survivors (13312K)
 Metaspace       used 95981K, committed 96704K, reserved 1138688K
  class space    used 13149K, committed 13504K, reserved 1048576K
}
Event: 9.590 GC heap after
{Heap after GC invocations=37 (full 0):
 garbage-first heap   total 243712K, used 100455K [0x0000000080000000, 0x0000000100000000)
  region size 1024K, 10 young (10240K), 10 survivors (10240K)
 Metaspace       used 95981K, committed 96704K, reserved 1138688K
  class space    used 13149K, committed 13504K, reserved 1048576K
}
Event: 9.909 GC heap before
{Heap before GC invocations=37 (full 0):
 garbage-first heap   total 243712K, used 189543K [0x0000000080000000, 0x0000000100000000)
  region size 1024K, 98 young (100352K), 10 survivors (10240K)
 Metaspace       used 96654K, committed 97344K, reserved 1138688K
  class space    used 13201K, committed 13504K, reserved 1048576K
}
Event: 9.916 GC heap after
{Heap after GC invocations=38 (full 0):
 garbage-first heap   total 243712K, used 106631K [0x0000000080000000, 0x0000000100000000)
  region size 1024K, 9 young (9216K), 9 survivors (9216K)
 Metaspace       used 96654K, committed 97344K, reserved 1138688K
  class space    used 13201K, committed 13504K, reserved 1048576K
}
Event: 10.531 GC heap before
{Heap before GC invocations=38 (full 0):
 garbage-first heap   total 243712K, used 195719K [0x0000000080000000, 0x0000000100000000)
  region size 1024K, 94 young (96256K), 9 survivors (9216K)
 Metaspace       used 99553K, committed 100352K, reserved 1138688K
  class space    used 13538K, committed 13952K, reserved 1048576K
}
Event: 10.539 GC heap after
{Heap after GC invocations=39 (full 0):
 garbage-first heap   total 243712K, used 114240K [0x0000000080000000, 0x0000000100000000)
  region size 1024K, 9 young (9216K), 9 survivors (9216K)
 Metaspace       used 99553K, committed 100352K, reserved 1138688K
  class space    used 13538K, committed 13952K, reserved 1048576K
}
Event: 10.987 GC heap before
{Heap before GC invocations=39 (full 0):
 garbage-first heap   total 243712K, used 194112K [0x0000000080000000, 0x0000000100000000)
  region size 1024K, 88 young (90112K), 9 survivors (9216K)
 Metaspace       used 107341K, committed 108160K, reserved 1146880K
  class space    used 14762K, committed 15168K, reserved 1048576K
}
Event: 10.999 GC heap after
{Heap after GC invocations=40 (full 0):
 garbage-first heap   total 243712K, used 127854K [0x0000000080000000, 0x0000000100000000)
  region size 1024K, 11 young (11264K), 11 survivors (11264K)
 Metaspace       used 107341K, committed 108160K, reserved 1146880K
  class space    used 14762K, committed 15168K, reserved 1048576K
}
Event: 11.290 GC heap before
{Heap before GC invocations=40 (full 0):
 garbage-first heap   total 243712K, used 193390K [0x0000000080000000, 0x0000000100000000)
  region size 1024K, 75 young (76800K), 11 survivors (11264K)
 Metaspace       used 112649K, committed 113472K, reserved 1146880K
  class space    used 15773K, committed 16192K, reserved 1048576K
}
Event: 11.300 GC heap after
{Heap after GC invocations=41 (full 0):
 garbage-first heap   total 292864K, used 135372K [0x0000000080000000, 0x0000000100000000)
  region size 1024K, 7 young (7168K), 7 survivors (7168K)
 Metaspace       used 112649K, committed 113472K, reserved 1146880K
  class space    used 15773K, committed 16192K, reserved 1048576K
}
Event: 11.771 GC heap before
{Heap before GC invocations=42 (full 0):
 garbage-first heap   total 292864K, used 232652K [0x0000000080000000, 0x0000000100000000)
  region size 1024K, 102 young (104448K), 7 survivors (7168K)
 Metaspace       used 115032K, committed 115840K, reserved 1155072K
  class space    used 16147K, committed 16512K, reserved 1048576K
}
Event: 11.778 GC heap after
{Heap after GC invocations=43 (full 0):
 garbage-first heap   total 292864K, used 136497K [0x0000000080000000, 0x0000000100000000)
  region size 1024K, 8 young (8192K), 8 survivors (8192K)
 Metaspace       used 115032K, committed 115840K, reserved 1155072K
  class space    used 16147K, committed 16512K, reserved 1048576K
}
Event: 11.802 GC heap before
{Heap before GC invocations=43 (full 0):
 garbage-first heap   total 292864K, used 142641K [0x0000000080000000, 0x0000000100000000)
  region size 1024K, 14 young (14336K), 8 survivors (8192K)
 Metaspace       used 115098K, committed 115904K, reserved 1155072K
  class space    used 16148K, committed 16512K, reserved 1048576K
}
Event: 11.808 GC heap after
{Heap after GC invocations=44 (full 0):
 garbage-first heap   total 292864K, used 135151K [0x0000000080000000, 0x0000000100000000)
  region size 1024K, 2 young (2048K), 2 survivors (2048K)
 Metaspace       used 115098K, committed 115904K, reserved 1155072K
  class space    used 16148K, committed 16512K, reserved 1048576K
}
Event: 12.298 GC heap before
{Heap before GC invocations=44 (full 0):
 garbage-first heap   total 292864K, used 236527K [0x0000000080000000, 0x0000000100000000)
  region size 1024K, 101 young (103424K), 2 survivors (2048K)
 Metaspace       used 116360K, committed 117184K, reserved 1155072K
  class space    used 16232K, committed 16640K, reserved 1048576K
}
Event: 12.302 GC heap after
{Heap after GC invocations=45 (full 0):
 garbage-first heap   total 292864K, used 136953K [0x0000000080000000, 0x0000000100000000)
  region size 1024K, 4 young (4096K), 4 survivors (4096K)
 Metaspace       used 116360K, committed 117184K, reserved 1155072K
  class space    used 16232K, committed 16640K, reserved 1048576K
}

