# JRE version: OpenJDK Runtime Environment (17.0.6) (build 17.0.6+0-b2043.56-10027231)
# Java VM: OpenJDK 64-Bit Server VM (17.0.6+0-b2043.56-10027231, mixed mode, tiered, compressed oops, compressed class ptrs, g1 gc, windows-amd64)
GC Precious Log:
 CPUs: 8 total, 8 available
 Memory: 16179M
 Large Page Support: Disabled
 NUMA Support: Disabled
 Compressed Oops: Enabled (32-bit)
 Heap Region Size: 1M
 Heap Min Capacity: 8M
 Heap Initial Capacity: 254M
 Heap Max Capacity: 2G
 Pre-touch: Disabled
 Parallel Workers: 8
 Concurrent Workers: 2
 Concurrent Refinement Workers: 8
 Periodic GC: Disabled
Heap:
 garbage-first heap   total 260096K, used 91723K [0x0000000080000000, 0x0000000100000000)
  region size 1024K, 5 young (5120K), 5 survivors (5120K)
 Metaspace       used 94891K, committed 95552K, reserved 1138688K
  class space    used 12969K, committed 13312K, reserved 1048576K
GC Heap History (20 events):
Event: 5.494 GC heap after
{Heap after GC invocations=22 (full 0):
 garbage-first heap   total 117760K, used 62920K [0x0000000080000000, 0x0000000100000000)
  region size 1024K, 3 young (3072K), 3 survivors (3072K)
 Metaspace       used 69692K, committed 70272K, reserved 1114112K
  class space    used 9246K, committed 9536K, reserved 1048576K
}
Event: 5.802 GC heap before
{Heap before GC invocations=23 (full 0):
 garbage-first heap   total 117760K, used 94664K [0x0000000080000000, 0x0000000100000000)
  region size 1024K, 34 young (34816K), 3 survivors (3072K)
 Metaspace       used 73505K, committed 74112K, reserved 1114112K
  class space    used 9752K, committed 10048K, reserved 1048576K
}
Event: 5.806 GC heap after
{Heap after GC invocations=24 (full 0):
 garbage-first heap   total 117760K, used 64539K [0x0000000080000000, 0x0000000100000000)
  region size 1024K, 5 young (5120K), 5 survivors (5120K)
 Metaspace       used 73505K, committed 74112K, reserved 1114112K
  class space    used 9752K, committed 10048K, reserved 1048576K
}
Event: 6.024 GC heap before
{Heap before GC invocations=24 (full 0):
 garbage-first heap   total 117760K, used 95259K [0x0000000080000000, 0x0000000100000000)
  region size 1024K, 35 young (35840K), 5 survivors (5120K)
 Metaspace       used 75684K, committed 76288K, reserved 1122304K
  class space    used 10024K, committed 10304K, reserved 1048576K
}
Event: 6.029 GC heap after
{Heap after GC invocations=25 (full 0):
 garbage-first heap   total 117760K, used 68977K [0x0000000080000000, 0x0000000100000000)
  region size 1024K, 5 young (5120K), 5 survivors (5120K)
 Metaspace       used 75684K, committed 76288K, reserved 1122304K
  class space    used 10024K, committed 10304K, reserved 1048576K
}
Event: 6.266 GC heap before
{Heap before GC invocations=26 (full 0):
 garbage-first heap   total 124928K, used 95601K [0x0000000080000000, 0x0000000100000000)
  region size 1024K, 31 young (31744K), 5 survivors (5120K)
 Metaspace       used 77717K, committed 78336K, reserved 1122304K
  class space    used 10309K, committed 10560K, reserved 1048576K
}
Event: 6.270 GC heap after
{Heap after GC invocations=27 (full 0):
 garbage-first heap   total 150528K, used 71680K [0x0000000080000000, 0x0000000100000000)
  region size 1024K, 2 young (2048K), 2 survivors (2048K)
 Metaspace       used 77717K, committed 78336K, reserved 1122304K
  class space    used 10309K, committed 10560K, reserved 1048576K
}
Event: 6.320 GC heap before
{Heap before GC invocations=27 (full 0):
 garbage-first heap   total 150528K, used 76800K [0x0000000080000000, 0x0000000100000000)
  region size 1024K, 7 young (7168K), 2 survivors (2048K)
 Metaspace       used 78201K, committed 78784K, reserved 1122304K
  class space    used 10371K, committed 10624K, reserved 1048576K
}
Event: 6.323 GC heap after
{Heap after GC invocations=28 (full 0):
 garbage-first heap   total 150528K, used 71380K [0x0000000080000000, 0x0000000100000000)
  region size 1024K, 1 young (1024K), 1 survivors (1024K)
 Metaspace       used 78201K, committed 78784K, reserved 1122304K
  class space    used 10371K, committed 10624K, reserved 1048576K
}
Event: 6.781 GC heap before
{Heap before GC invocations=28 (full 0):
 garbage-first heap   total 150528K, used 116436K [0x0000000080000000, 0x0000000100000000)
  region size 1024K, 45 young (46080K), 1 survivors (1024K)
 Metaspace       used 83334K, committed 83904K, reserved 1122304K
  class space    used 11273K, committed 11520K, reserved 1048576K
}
Event: 6.784 GC heap after
{Heap after GC invocations=29 (full 0):
 garbage-first heap   total 150528K, used 73852K [0x0000000080000000, 0x0000000100000000)
  region size 1024K, 4 young (4096K), 4 survivors (4096K)
 Metaspace       used 83334K, committed 83904K, reserved 1122304K
  class space    used 11273K, committed 11520K, reserved 1048576K
}
Event: 7.270 GC heap before
{Heap before GC invocations=30 (full 0):
 garbage-first heap   total 150528K, used 118908K [0x0000000080000000, 0x0000000100000000)
  region size 1024K, 48 young (49152K), 4 survivors (4096K)
 Metaspace       used 87644K, committed 88256K, reserved 1130496K
  class space    used 11914K, committed 12224K, reserved 1048576K
}
Event: 7.274 GC heap after
{Heap after GC invocations=31 (full 0):
 garbage-first heap   total 150528K, used 77928K [0x0000000080000000, 0x0000000100000000)
  region size 1024K, 6 young (6144K), 6 survivors (6144K)
 Metaspace       used 87644K, committed 88256K, reserved 1130496K
  class space    used 11914K, committed 12224K, reserved 1048576K
}
Event: 7.282 GC heap before
{Heap before GC invocations=31 (full 0):
 garbage-first heap   total 150528K, used 78952K [0x0000000080000000, 0x0000000100000000)
  region size 1024K, 7 young (7168K), 6 survivors (6144K)
 Metaspace       used 87781K, committed 88448K, reserved 1130496K
  class space    used 11935K, committed 12224K, reserved 1048576K
}
Event: 7.285 GC heap after
{Heap after GC invocations=32 (full 0):
 garbage-first heap   total 150528K, used 78631K [0x0000000080000000, 0x0000000100000000)
  region size 1024K, 1 young (1024K), 1 survivors (1024K)
 Metaspace       used 87781K, committed 88448K, reserved 1130496K
  class space    used 11935K, committed 12224K, reserved 1048576K
}
Event: 7.785 GC heap before
{Heap before GC invocations=32 (full 0):
 garbage-first heap   total 150528K, used 120615K [0x0000000080000000, 0x0000000100000000)
  region size 1024K, 42 young (43008K), 1 survivors (1024K)
 Metaspace       used 92401K, committed 93056K, reserved 1130496K
  class space    used 12578K, committed 12864K, reserved 1048576K
}
Event: 7.788 GC heap after
{Heap after GC invocations=33 (full 0):
 garbage-first heap   total 150528K, used 80968K [0x0000000080000000, 0x0000000100000000)
  region size 1024K, 4 young (4096K), 4 survivors (4096K)
 Metaspace       used 92401K, committed 93056K, reserved 1130496K
  class space    used 12578K, committed 12864K, reserved 1048576K
}
Event: 8.059 GC heap before
{Heap before GC invocations=33 (full 0):
 garbage-first heap   total 150528K, used 121928K [0x0000000080000000, 0x0000000100000000)
  region size 1024K, 44 young (45056K), 4 survivors (4096K)
 Metaspace       used 93545K, committed 94208K, reserved 1138688K
  class space    used 12729K, committed 13056K, reserved 1048576K
}
Event: 8.064 GC heap after
{Heap after GC invocations=34 (full 0):
 garbage-first heap   total 150528K, used 86437K [0x0000000080000000, 0x0000000100000000)
  region size 1024K, 6 young (6144K), 6 survivors (6144K)
 Metaspace       used 93545K, committed 94208K, reserved 1138688K
  class space    used 12729K, committed 13056K, reserved 1048576K
}
Event: 8.306 GC heap before
{Heap before GC invocations=34 (full 0):
 garbage-first heap   total 150528K, used 120229K [0x0000000080000000, 0x0000000100000000)
  region size 1024K, 40 young (40960K), 6 survivors (6144K)
 Metaspace       used 94891K, committed 95552K, reserved 1138688K
  class space    used 12969K, committed 13312K, reserved 1048576K
}

