# JRE version: OpenJDK Runtime Environment (17.0.6) (build 17.0.6+0-b2043.56-10027231)
# Java VM: OpenJDK 64-Bit Server VM (17.0.6+0-b2043.56-10027231, mixed mode, tiered, compressed oops, compressed class ptrs, g1 gc, windows-amd64)
GC Precious Log:
 CPUs: 8 total, 8 available
 Memory: 16179M
 Large Page Support: Disabled
 NUMA Support: Disabled
 Compressed Oops: Enabled (32-bit)
 Heap Region Size: 1M
 Heap Min Capacity: 8M
 Heap Initial Capacity: 254M
 Heap Max Capacity: 2G
 Pre-touch: Disabled
 Parallel Workers: 8
 Concurrent Workers: 2
 Concurrent Refinement Workers: 8
 Periodic GC: Disabled
Heap:
 garbage-first heap   total 249856K, used 130785K [0x0000000080000000, 0x0000000100000000)
  region size 1024K, 61 young (62464K), 9 survivors (9216K)
 Metaspace       used 93569K, committed 94208K, reserved 1130496K
  class space    used 12728K, committed 13056K, reserved 1048576K
GC Heap History (20 events):
Event: 4.851 GC heap before
{Heap before GC invocations=21 (full 0):
 garbage-first heap   total 121856K, used 68416K [0x0000000080000000, 0x0000000100000000)
  region size 1024K, 14 young (14336K), 1 survivors (1024K)
 Metaspace       used 64233K, committed 64896K, reserved 1105920K
  class space    used 8523K, committed 8832K, reserved 1048576K
}
Event: 4.853 GC heap after
{Heap after GC invocations=22 (full 0):
 garbage-first heap   total 121856K, used 57801K [0x0000000080000000, 0x0000000100000000)
  region size 1024K, 2 young (2048K), 2 survivors (2048K)
 Metaspace       used 64233K, committed 64896K, reserved 1105920K
  class space    used 8523K, committed 8832K, reserved 1048576K
}
Event: 5.244 GC heap before
{Heap before GC invocations=23 (full 0):
 garbage-first heap   total 121856K, used 99785K [0x0000000080000000, 0x0000000100000000)
  region size 1024K, 37 young (37888K), 2 survivors (2048K)
 Metaspace       used 66624K, committed 67200K, reserved 1114112K
  class space    used 8834K, committed 9152K, reserved 1048576K
}
Event: 5.247 GC heap after
{Heap after GC invocations=24 (full 0):
 garbage-first heap   total 121856K, used 60947K [0x0000000080000000, 0x0000000100000000)
  region size 1024K, 5 young (5120K), 5 survivors (5120K)
 Metaspace       used 66624K, committed 67200K, reserved 1114112K
  class space    used 8834K, committed 9152K, reserved 1048576K
}
Event: 5.258 GC heap before
{Heap before GC invocations=24 (full 0):
 garbage-first heap   total 121856K, used 61971K [0x0000000080000000, 0x0000000100000000)
  region size 1024K, 6 young (6144K), 5 survivors (5120K)
 Metaspace       used 66690K, committed 67328K, reserved 1114112K
  class space    used 8842K, committed 9152K, reserved 1048576K
}
Event: 5.260 GC heap after
{Heap after GC invocations=25 (full 0):
 garbage-first heap   total 121856K, used 61082K [0x0000000080000000, 0x0000000100000000)
  region size 1024K, 1 young (1024K), 1 survivors (1024K)
 Metaspace       used 66690K, committed 67328K, reserved 1114112K
  class space    used 8842K, committed 9152K, reserved 1048576K
}
Event: 5.640 GC heap before
{Heap before GC invocations=25 (full 0):
 garbage-first heap   total 121856K, used 94874K [0x0000000080000000, 0x0000000100000000)
  region size 1024K, 34 young (34816K), 1 survivors (1024K)
 Metaspace       used 70112K, committed 70720K, reserved 1114112K
  class space    used 9300K, committed 9600K, reserved 1048576K
}
Event: 5.643 GC heap after
{Heap after GC invocations=26 (full 0):
 garbage-first heap   total 121856K, used 63005K [0x0000000080000000, 0x0000000100000000)
  region size 1024K, 3 young (3072K), 3 survivors (3072K)
 Metaspace       used 70112K, committed 70720K, reserved 1114112K
  class space    used 9300K, committed 9600K, reserved 1048576K
}
Event: 6.058 GC heap before
{Heap before GC invocations=27 (full 0):
 garbage-first heap   total 121856K, used 96797K [0x0000000080000000, 0x0000000100000000)
  region size 1024K, 36 young (36864K), 3 survivors (3072K)
 Metaspace       used 74256K, committed 74816K, reserved 1114112K
  class space    used 9841K, committed 10112K, reserved 1048576K
}
Event: 6.062 GC heap after
{Heap after GC invocations=28 (full 0):
 garbage-first heap   total 121856K, used 65401K [0x0000000080000000, 0x0000000100000000)
  region size 1024K, 5 young (5120K), 5 survivors (5120K)
 Metaspace       used 74256K, committed 74816K, reserved 1114112K
  class space    used 9841K, committed 10112K, reserved 1048576K
}
Event: 6.071 GC heap before
{Heap before GC invocations=28 (full 0):
 garbage-first heap   total 121856K, used 65401K [0x0000000080000000, 0x0000000100000000)
  region size 1024K, 6 young (6144K), 5 survivors (5120K)
 Metaspace       used 74404K, committed 74944K, reserved 1114112K
  class space    used 9862K, committed 10112K, reserved 1048576K
}
Event: 6.074 GC heap after
{Heap after GC invocations=29 (full 0):
 garbage-first heap   total 121856K, used 65503K [0x0000000080000000, 0x0000000100000000)
  region size 1024K, 1 young (1024K), 1 survivors (1024K)
 Metaspace       used 74404K, committed 74944K, reserved 1114112K
  class space    used 9862K, committed 10112K, reserved 1048576K
}
Event: 6.316 GC heap before
{Heap before GC invocations=29 (full 0):
 garbage-first heap   total 121856K, used 97247K [0x0000000080000000, 0x0000000100000000)
  region size 1024K, 33 young (33792K), 1 survivors (1024K)
 Metaspace       used 75841K, committed 76416K, reserved 1122304K
  class space    used 10045K, committed 10304K, reserved 1048576K
}
Event: 6.318 GC heap after
{Heap after GC invocations=30 (full 0):
 garbage-first heap   total 121856K, used 68718K [0x0000000080000000, 0x0000000100000000)
  region size 1024K, 4 young (4096K), 4 survivors (4096K)
 Metaspace       used 75841K, committed 76416K, reserved 1122304K
  class space    used 10045K, committed 10304K, reserved 1048576K
}
Event: 6.682 GC heap before
{Heap before GC invocations=31 (full 0):
 garbage-first heap   total 121856K, used 98414K [0x0000000080000000, 0x0000000100000000)
  region size 1024K, 33 young (33792K), 4 survivors (4096K)
 Metaspace       used 79195K, committed 79808K, reserved 1122304K
  class space    used 10573K, committed 10816K, reserved 1048576K
}
Event: 6.685 GC heap after
{Heap after GC invocations=32 (full 0):
 garbage-first heap   total 121856K, used 70228K [0x0000000080000000, 0x0000000100000000)
  region size 1024K, 2 young (2048K), 2 survivors (2048K)
 Metaspace       used 79195K, committed 79808K, reserved 1122304K
  class space    used 10573K, committed 10816K, reserved 1048576K
}
Event: 6.726 GC heap before
{Heap before GC invocations=32 (full 0):
 garbage-first heap   total 121856K, used 72276K [0x0000000080000000, 0x0000000100000000)
  region size 1024K, 5 young (5120K), 2 survivors (2048K)
 Metaspace       used 79588K, committed 80192K, reserved 1122304K
  class space    used 10653K, committed 10944K, reserved 1048576K
}
Event: 6.728 GC heap after
{Heap after GC invocations=33 (full 0):
 garbage-first heap   total 249856K, used 69824K [0x0000000080000000, 0x0000000100000000)
  region size 1024K, 1 young (1024K), 1 survivors (1024K)
 Metaspace       used 79588K, committed 80192K, reserved 1122304K
  class space    used 10653K, committed 10944K, reserved 1048576K
}
Event: 8.219 GC heap before
{Heap before GC invocations=33 (full 0):
 garbage-first heap   total 249856K, used 183488K [0x0000000080000000, 0x0000000100000000)
  region size 1024K, 112 young (114688K), 1 survivors (1024K)
 Metaspace       used 91895K, committed 92544K, reserved 1130496K
  class space    used 12514K, committed 12800K, reserved 1048576K
}
Event: 8.228 GC heap after
{Heap after GC invocations=34 (full 0):
 garbage-first heap   total 249856K, used 78561K [0x0000000080000000, 0x0000000100000000)
  region size 1024K, 9 young (9216K), 9 survivors (9216K)
 Metaspace       used 91895K, committed 92544K, reserved 1130496K
  class space    used 12514K, committed 12800K, reserved 1048576K
}

