# JRE version: OpenJDK Runtime Environment (17.0.6) (build 17.0.6+0-b2043.56-10027231)
# Java VM: OpenJDK 64-Bit Server VM (17.0.6+0-b2043.56-10027231, mixed mode, tiered, compressed oops, compressed class ptrs, g1 gc, windows-amd64)
GC Precious Log:
 CPUs: 8 total, 8 available
 Memory: 16179M
 Large Page Support: Disabled
 NUMA Support: Disabled
 Compressed Oops: Enabled (32-bit)
 Heap Region Size: 1M
 Heap Min Capacity: 8M
 Heap Initial Capacity: 254M
 Heap Max Capacity: 2G
 Pre-touch: Disabled
 Parallel Workers: 8
 Concurrent Workers: 2
 Concurrent Refinement Workers: 8
 Periodic GC: Disabled
Heap:
 garbage-first heap   total 260096K, used 97045K [0x0000000080000000, 0x0000000100000000)
  region size 1024K, 1 young (1024K), 1 survivors (1024K)
 Metaspace       used 95661K, committed 96320K, reserved 1138688K
  class space    used 13114K, committed 13440K, reserved 1048576K
GC Heap History (20 events):
Event: 6.411 GC heap after
{Heap after GC invocations=28 (full 0):
 garbage-first heap   total 117760K, used 68548K [0x0000000080000000, 0x0000000100000000)
  region size 1024K, 4 young (4096K), 4 survivors (4096K)
 Metaspace       used 76193K, committed 76800K, reserved 1122304K
  class space    used 10090K, committed 10368K, reserved 1048576K
}
Event: 6.536 GC heap before
{Heap before GC invocations=28 (full 0):
 garbage-first heap   total 117760K, used 81860K [0x0000000080000000, 0x0000000100000000)
  region size 1024K, 18 young (18432K), 4 survivors (4096K)
 Metaspace       used 77737K, committed 78336K, reserved 1122304K
  class space    used 10315K, committed 10624K, reserved 1048576K
}
Event: 6.541 GC heap after
{Heap after GC invocations=29 (full 0):
 garbage-first heap   total 141312K, used 70029K [0x0000000080000000, 0x0000000100000000)
  region size 1024K, 2 young (2048K), 2 survivors (2048K)
 Metaspace       used 77737K, committed 78336K, reserved 1122304K
  class space    used 10315K, committed 10624K, reserved 1048576K
}
Event: 6.974 GC heap before
{Heap before GC invocations=30 (full 0):
 garbage-first heap   total 141312K, used 110989K [0x0000000080000000, 0x0000000100000000)
  region size 1024K, 41 young (41984K), 2 survivors (2048K)
 Metaspace       used 82402K, committed 83008K, reserved 1122304K
  class space    used 11154K, committed 11456K, reserved 1048576K
}
Event: 6.977 GC heap after
{Heap after GC invocations=31 (full 0):
 garbage-first heap   total 141312K, used 71867K [0x0000000080000000, 0x0000000100000000)
  region size 1024K, 4 young (4096K), 4 survivors (4096K)
 Metaspace       used 82402K, committed 83008K, reserved 1122304K
  class space    used 11154K, committed 11456K, reserved 1048576K
}
Event: 7.442 GC heap before
{Heap before GC invocations=31 (full 0):
 garbage-first heap   total 141312K, used 111803K [0x0000000080000000, 0x0000000100000000)
  region size 1024K, 43 young (44032K), 4 survivors (4096K)
 Metaspace       used 86299K, committed 86848K, reserved 1130496K
  class space    used 11710K, committed 11968K, reserved 1048576K
}
Event: 7.446 GC heap after
{Heap after GC invocations=32 (full 0):
 garbage-first heap   total 141312K, used 75175K [0x0000000080000000, 0x0000000100000000)
  region size 1024K, 6 young (6144K), 6 survivors (6144K)
 Metaspace       used 86299K, committed 86848K, reserved 1130496K
  class space    used 11710K, committed 11968K, reserved 1048576K
}
Event: 7.882 GC heap before
{Heap before GC invocations=33 (full 0):
 garbage-first heap   total 141312K, used 114087K [0x0000000080000000, 0x0000000100000000)
  region size 1024K, 44 young (45056K), 6 survivors (6144K)
 Metaspace       used 91291K, committed 91968K, reserved 1130496K
  class space    used 12440K, committed 12736K, reserved 1048576K
}
Event: 7.886 GC heap after
{Heap after GC invocations=34 (full 0):
 garbage-first heap   total 141312K, used 78656K [0x0000000080000000, 0x0000000100000000)
  region size 1024K, 4 young (4096K), 4 survivors (4096K)
 Metaspace       used 91291K, committed 91968K, reserved 1130496K
  class space    used 12440K, committed 12736K, reserved 1048576K
}
Event: 8.203 GC heap before
{Heap before GC invocations=34 (full 0):
 garbage-first heap   total 141312K, used 114496K [0x0000000080000000, 0x0000000100000000)
  region size 1024K, 39 young (39936K), 4 survivors (4096K)
 Metaspace       used 93379K, committed 93952K, reserved 1130496K
  class space    used 12725K, committed 12992K, reserved 1048576K
}
Event: 8.209 GC heap after
{Heap after GC invocations=35 (full 0):
 garbage-first heap   total 141312K, used 82401K [0x0000000080000000, 0x0000000100000000)
  region size 1024K, 4 young (4096K), 4 survivors (4096K)
 Metaspace       used 93379K, committed 93952K, reserved 1130496K
  class space    used 12725K, committed 12992K, reserved 1048576K
}
Event: 8.405 GC heap before
{Heap before GC invocations=36 (full 0):
 garbage-first heap   total 148480K, used 116193K [0x0000000080000000, 0x0000000100000000)
  region size 1024K, 37 young (37888K), 4 survivors (4096K)
 Metaspace       used 93554K, committed 94208K, reserved 1130496K
  class space    used 12739K, committed 13056K, reserved 1048576K
}
Event: 8.409 GC heap after
{Heap after GC invocations=37 (full 0):
 garbage-first heap   total 148480K, used 87370K [0x0000000080000000, 0x0000000100000000)
  region size 1024K, 5 young (5120K), 5 survivors (5120K)
 Metaspace       used 93554K, committed 94208K, reserved 1130496K
  class space    used 12739K, committed 13056K, reserved 1048576K
}
Event: 8.422 GC heap before
{Heap before GC invocations=37 (full 0):
 garbage-first heap   total 148480K, used 89418K [0x0000000080000000, 0x0000000100000000)
  region size 1024K, 7 young (7168K), 5 survivors (5120K)
 Metaspace       used 93564K, committed 94208K, reserved 1130496K
  class space    used 12739K, committed 13056K, reserved 1048576K
}
Event: 8.426 GC heap after
{Heap after GC invocations=38 (full 0):
 garbage-first heap   total 148480K, used 87603K [0x0000000080000000, 0x0000000100000000)
  region size 1024K, 1 young (1024K), 1 survivors (1024K)
 Metaspace       used 93564K, committed 94208K, reserved 1130496K
  class space    used 12739K, committed 13056K, reserved 1048576K
}
Event: 8.716 GC heap before
{Heap before GC invocations=38 (full 0):
 garbage-first heap   total 148480K, used 120371K [0x0000000080000000, 0x0000000100000000)
  region size 1024K, 34 young (34816K), 1 survivors (1024K)
 Metaspace       used 95010K, committed 95680K, reserved 1138688K
  class space    used 12982K, committed 13312K, reserved 1048576K
}
Event: 8.720 GC heap after
{Heap after GC invocations=39 (full 0):
 garbage-first heap   total 148480K, used 93018K [0x0000000080000000, 0x0000000100000000)
  region size 1024K, 5 young (5120K), 5 survivors (5120K)
 Metaspace       used 95010K, committed 95680K, reserved 1138688K
  class space    used 12982K, committed 13312K, reserved 1048576K
}
Event: 8.893 GC heap before
{Heap before GC invocations=40 (full 0):
 garbage-first heap   total 168960K, used 120666K [0x0000000080000000, 0x0000000100000000)
  region size 1024K, 33 young (33792K), 5 survivors (5120K)
 Metaspace       used 95652K, committed 96320K, reserved 1138688K
  class space    used 13114K, committed 13440K, reserved 1048576K
}
Event: 8.899 GC heap after
{Heap after GC invocations=41 (full 0):
 garbage-first heap   total 168960K, used 97416K [0x0000000080000000, 0x0000000100000000)
  region size 1024K, 5 young (5120K), 5 survivors (5120K)
 Metaspace       used 95652K, committed 96320K, reserved 1138688K
  class space    used 13114K, committed 13440K, reserved 1048576K
}
Event: 8.910 GC heap before
{Heap before GC invocations=41 (full 0):
 garbage-first heap   total 168960K, used 100488K [0x0000000080000000, 0x0000000100000000)
  region size 1024K, 8 young (8192K), 5 survivors (5120K)
 Metaspace       used 95661K, committed 96320K, reserved 1138688K
  class space    used 13114K, committed 13440K, reserved 1048576K
}

